<?xml version="1.0" encoding="UTF-8"?>
<!-- Generated by org.testng.reporters.JUnitXMLReporter -->
<testsuite hostname="IIUSL" ignored="0" name="Different testing Features Test" tests="17" failures="0" timestamp="16 Apr 2019 08:47:50 GMT" time="10.815" errors="0">
  <testcase name="test" time="0.009" classname="google.Test.Project.ExceptionTimeOutTest"/>
  <testcase name="googleLogoTest" time="0.062" classname="google.Test.Project.GoogleTitleTest"/>
  <testcase name="googleTitleTest" time="0.016" classname="google.Test.Project.GoogleTitleTest"/>
  <testcase name="sum" time="0.004" classname="google.Test.Project.InvocationCountTest"/>
  <testcase name="sum" time="0.002" classname="google.Test.Project.InvocationCountTest"/>
  <testcase name="sum" time="0.003" classname="google.Test.Project.InvocationCountTest"/>
  <testcase name="sum" time="0.003" classname="google.Test.Project.InvocationCountTest"/>
  <testcase name="sum" time="0.002" classname="google.Test.Project.InvocationCountTest"/>
  <testcase name="sum" time="0.002" classname="google.Test.Project.InvocationCountTest"/>
  <testcase name="sum" time="0.001" classname="google.Test.Project.InvocationCountTest"/>
  <testcase name="sum" time="0.001" classname="google.Test.Project.InvocationCountTest"/>
  <testcase name="sum" time="0.002" classname="google.Test.Project.InvocationCountTest"/>
  <testcase name="sum" time="0.002" classname="google.Test.Project.InvocationCountTest"/>
  <testcase name="googleLogoTest" time="0.001" classname="google.Test.Project.TestNGBasics"/>
  <testcase name="googleTitleTest" time="0.001" classname="google.Test.Project.TestNGBasics"/>
  <testcase name="searchTest" time="0.001" classname="google.Test.Project.TestNGBasics"/>
  <testcase name="logInTest" time="0.001" classname="google.Test.Project.TestNGFeatures"/>
</testsuite> <!-- Different testing Features Test -->
