<?xml version="1.0" encoding="UTF-8"?>
<!-- Generated by org.testng.reporters.JUnitXMLReporter -->
<testsuite hostname="IIUSL" ignored="0" name="Default test" tests="6" failures="0" timestamp="15 May 2019 18:21:03 GMT" time="31.098" errors="0">
  <testcase name="googleTitleTest" time="0.013" classname="google.Test.Project.GoogleTest"/>
  <testcase name="mailLinkTest" time="0.074" classname="google.Test.Project.GoogleTest"/>
  <testcase name="googleLogoTest" time="0.038" classname="google.Test.Project.GoogleTest"/>
  <testcase name="test1" time="0.001" classname="google.Test.Project.GoogleTest"/>
  <testcase name="test2" time="0.002" classname="google.Test.Project.GoogleTest"/>
  <testcase name="test3" time="0.002" classname="google.Test.Project.GoogleTest"/>
</testsuite> <!-- Default test -->
